<?xml version="1.0" encoding="UTF-8"?>
<testng-results total="1" passed="1" failed="0" skipped="0">
  <reporter-output>
  </reporter-output>
  <suite started-at="2020-02-15T20:01:16Z" name="Default suite" finished-at="2020-02-15T20:01:17Z" duration-ms="64">
    <groups>
    </groups>
    <test started-at="2020-02-15T20:01:16Z" name="Default test" finished-at="2020-02-15T20:01:17Z" duration-ms="64">
      <class name="yahoo.TestSignin">
        <test-method signature="Testcase()[pri:0, instance:yahoo.TestSignin@55040f2f]" started-at="2020-02-15T20:01:16Z" name="Testcase" finished-at="2020-02-15T20:01:16Z" duration-ms="28" status="PASS">
          <reporter-output>
          </reporter-output>
        </test-method> <!-- Testcase -->
      </class> <!-- yahoo.TestSignin -->
    </test> <!-- Default test -->
  </suite> <!-- Default suite -->
</testng-results>
